#
# There is insufficient memory for the Java Runtime Environment to continue.
# Native memory allocation (malloc) failed to allocate 409296 bytes. Error detail: Chunk::new
# Possible reasons:
#   The system is out of physical RAM or swap space
#   This process is running with CompressedOops enabled, and the Java Heap may be blocking the growth of the native heap
# Possible solutions:
#   Reduce memory load on the system
#   Increase physical memory or swap space
#   Check if swap backing store is full
#   Decrease Java heap size (-Xmx/-Xms)
#   Decrease number of Java threads
#   Decrease Java thread stack sizes (-Xss)
#   Set larger code cache with -XX:ReservedCodeCacheSize=
#   JVM is running with Unscaled Compressed Oops mode in which the Java heap is
#     placed in the first 4GB address space. The Java Heap base address is the
#     maximum limit for the native heap growth. Please use -XX:HeapBaseMinAddress
#     to set the Java Heap base and to place the Java Heap above 4GB virtual address.
# This output file may be truncated or incomplete.
#
#  Out of Memory Error (arena.cpp:168), pid=25448, tid=29192
#
# JRE version: OpenJDK Runtime Environment Temurin-21.0.8+9 (21.0.8+9) (build 21.0.8+9-LTS)
# Java VM: OpenJDK 64-Bit Server VM Temurin-21.0.8+9 (21.0.8+9-LTS, mixed mode, sharing, tiered, compressed oops, compressed class ptrs, parallel gc, windows-amd64)
# No core dump will be written. Minidumps are not enabled by default on client versions of Windows
#

---------------  S U M M A R Y ------------

Command Line: --add-modules=ALL-SYSTEM --add-opens=java.base/java.util=ALL-UNNAMED --add-opens=java.base/java.lang=ALL-UNNAMED --add-opens=java.base/sun.nio.fs=ALL-UNNAMED -Declipse.application=org.eclipse.jdt.ls.core.id1 -Dosgi.bundles.defaultStartLevel=4 -Declipse.product=org.eclipse.jdt.ls.core.product -Djava.import.generatesMetadataFilesAtProjectRoot=false -DDetectVMInstallationsJob.disabled=true -Dfile.encoding=utf8 -XX:+UseParallelGC -XX:GCTimeRatio=4 -XX:AdaptiveSizePolicyWeight=90 -Dsun.zip.disableMemoryMapping=true -Xmx2G -Xms100m -Xlog:disable -javaagent:c:\Users\bryan\.vscode\extensions\redhat.java-1.47.0-win32-x64\lombok\lombok-1.18.39-4050.jar -XX:+HeapDumpOnOutOfMemoryError -XX:HeapDumpPath=c:\Users\bryan\AppData\Roaming\Code\User\workspaceStorage\a1e53be8b5f181a0eb8d6cad317d0e1f\redhat.java -Daether.dependencyCollector.impl=bf c:\Users\bryan\.vscode\extensions\redhat.java-1.47.0-win32-x64\server\plugins\org.eclipse.equinox.launcher_1.7.100.v20251014-1222.jar -configuration c:\Users\bryan\AppData\Roaming\Code\User\globalStorage\redhat.java\1.47.0\config_win -data c:\Users\bryan\AppData\Roaming\Code\User\workspaceStorage\a1e53be8b5f181a0eb8d6cad317d0e1f\redhat.java\jdt_ws --pipe=\\.\pipe\lsp-4e192456089b896009035f40cf4878ad-sock

Host: AMD Ryzen 5 5500U with Radeon Graphics         , 12 cores, 7G,  Windows 11 , 64 bit Build 26100 (10.0.26100.7019)
Time: Thu Nov 13 20:15:01 2025 Hora estándar central (México) elapsed time: 6.071968 seconds (0d 0h 0m 6s)

---------------  T H R E A D  ---------------

Current thread (0x000001be0d56efc0):  JavaThread "C2 CompilerThread1" daemon [_thread_in_native, id=29192, stack(0x0000006d35100000,0x0000006d35200000) (1024K)]


Current CompileTask:
C2:6072 1366       4       lombok.launch.PackageShader::apply (252 bytes)

Stack: [0x0000006d35100000,0x0000006d35200000]
Native frames: (J=compiled Java code, j=interpreted, Vv=VM code, C=native code)
V  [jvm.dll+0x6d2449]
V  [jvm.dll+0x8ae341]
V  [jvm.dll+0x8b08be]
V  [jvm.dll+0x8b0fa3]
V  [jvm.dll+0x280c96]
V  [jvm.dll+0xc581d]
V  [jvm.dll+0xc5d53]
V  [jvm.dll+0x3b9162]
V  [jvm.dll+0x385315]
V  [jvm.dll+0x38477a]
V  [jvm.dll+0x248ed0]
V  [jvm.dll+0x2484af]
V  [jvm.dll+0x1c89ee]
V  [jvm.dll+0x257d4d]
V  [jvm.dll+0x2562ea]
V  [jvm.dll+0x3f2d16]
V  [jvm.dll+0x857e6b]
V  [jvm.dll+0x6d0b0d]
C  [ucrtbase.dll+0x37b0]
C  [KERNEL32.DLL+0x2e8d7]
C  [ntdll.dll+0x8c53c]


---------------  P R O C E S S  ---------------

Threads class SMR info:
_java_thread_list=0x000001be0d8800f0, length=13, elements={
0x000001bdacc27990, 0x000001bdaf079630, 0x000001bdaf07ec60, 0x000001bdaf0808c0,
0x000001bdaf084fa0, 0x000001bdaf086d00, 0x000001bdaf08e850, 0x000001be07e19dc0,
0x000001be07e1a720, 0x000001bdaf158690, 0x000001be080ee870, 0x000001be0d56efc0,
0x000001be0d56b850
}

Java Threads: ( => current thread )
  0x000001bdacc27990 JavaThread "main"                              [_thread_blocked, id=3368, stack(0x0000006d34400000,0x0000006d34500000) (1024K)]
  0x000001bdaf079630 JavaThread "Reference Handler"          daemon [_thread_blocked, id=30000, stack(0x0000006d34800000,0x0000006d34900000) (1024K)]
  0x000001bdaf07ec60 JavaThread "Finalizer"                  daemon [_thread_blocked, id=5972, stack(0x0000006d34900000,0x0000006d34a00000) (1024K)]
  0x000001bdaf0808c0 JavaThread "Signal Dispatcher"          daemon [_thread_blocked, id=31620, stack(0x0000006d34a00000,0x0000006d34b00000) (1024K)]
  0x000001bdaf084fa0 JavaThread "Attach Listener"            daemon [_thread_blocked, id=29060, stack(0x0000006d34b00000,0x0000006d34c00000) (1024K)]
  0x000001bdaf086d00 JavaThread "Service Thread"             daemon [_thread_blocked, id=11452, stack(0x0000006d34c00000,0x0000006d34d00000) (1024K)]
  0x000001bdaf08e850 JavaThread "Monitor Deflation Thread"   daemon [_thread_blocked, id=27000, stack(0x0000006d34d00000,0x0000006d34e00000) (1024K)]
  0x000001be07e19dc0 JavaThread "C2 CompilerThread0"         daemon [_thread_in_native, id=13504, stack(0x0000006d34e00000,0x0000006d34f00000) (1024K)]
  0x000001be07e1a720 JavaThread "C1 CompilerThread0"         daemon [_thread_blocked, id=20864, stack(0x0000006d34f00000,0x0000006d35000000) (1024K)]
  0x000001bdaf158690 JavaThread "Common-Cleaner"             daemon [_thread_blocked, id=6852, stack(0x0000006d35000000,0x0000006d35100000) (1024K)]
  0x000001be080ee870 JavaThread "Notification Thread"        daemon [_thread_blocked, id=15528, stack(0x0000006d35200000,0x0000006d35300000) (1024K)]
=>0x000001be0d56efc0 JavaThread "C2 CompilerThread1"         daemon [_thread_in_native, id=29192, stack(0x0000006d35100000,0x0000006d35200000) (1024K)]
  0x000001be0d56b850 JavaThread "C2 CompilerThread2"         daemon [_thread_blocked, id=19812, stack(0x0000006d35300000,0x0000006d35400000) (1024K)]
Total: 13

Other Threads:
  0x000001bdaf1863c0 VMThread "VM Thread"                           [id=3212, stack(0x0000006d34700000,0x0000006d34800000) (1024K)] _threads_hazard_ptr=0x000001be0d8800f0
  0x000001bdaef6ca00 WatcherThread "VM Periodic Task Thread"        [id=14984, stack(0x0000006d34600000,0x0000006d34700000) (1024K)]
  0x000001bdaf1084c0 WorkerThread "GC Thread#0"                     [id=23616, stack(0x0000006d34500000,0x0000006d34600000) (1024K)]
  0x000001be0d45ad90 WorkerThread "GC Thread#1"                     [id=28840, stack(0x0000006d35400000,0x0000006d35500000) (1024K)]
  0x000001be0d5f65a0 WorkerThread "GC Thread#2"                     [id=20776, stack(0x0000006d35500000,0x0000006d35600000) (1024K)]
  0x000001be0d45b130 WorkerThread "GC Thread#3"                     [id=22452, stack(0x0000006d35600000,0x0000006d35700000) (1024K)]
  0x000001be0d598610 WorkerThread "GC Thread#4"                     [id=4920, stack(0x0000006d35700000,0x0000006d35800000) (1024K)]
  0x000001be0d5989b0 WorkerThread "GC Thread#5"                     [id=23108, stack(0x0000006d35800000,0x0000006d35900000) (1024K)]
  0x000001be0d598d50 WorkerThread "GC Thread#6"                     [id=14592, stack(0x0000006d35900000,0x0000006d35a00000) (1024K)]
Total: 9

Threads with active compile tasks:
C2 CompilerThread0  10168 1406   !   4       lombok.patcher.ScriptManager$OurClassFileTransformer::transform (473 bytes)
C1 CompilerThread0  10168 1421       3       java.util.HashSet::<init> (17 bytes)
C2 CompilerThread1  10168 1366       4       lombok.launch.PackageShader::apply (252 bytes)
C2 CompilerThread2  10168 1374       4       jdk.internal.jimage.ImageLocation::verify (218 bytes)
Total: 4

VM state: synchronizing (normal execution)

VM Mutex/Monitor currently owned by a thread:  ([mutex/lock_event])
[0x00007ffeaf1f5458] Threads_lock - owner thread: 0x000001bdaf1863c0

Heap address: 0x0000000080000000, size: 2048 MB, Compressed Oops mode: 32-bit

CDS archive(s) mapped at: [0x000001bdc6000000-0x000001bdc6ba0000-0x000001bdc6ba0000), size 12189696, SharedBaseAddress: 0x000001bdc6000000, ArchiveRelocationMode: 1.
Compressed class space mapped at: 0x000001bdc7000000-0x000001be07000000, reserved size: 1073741824
Narrow klass base: 0x000001bdc6000000, Narrow klass shift: 0, Narrow klass range: 0x100000000

GC Precious Log:
 CardTable entry size: 512
 CPUs: 12 total, 12 available
 Memory: 7530M
 Large Page Support: Disabled
 NUMA Support: Disabled
 Compressed Oops: Enabled (32-bit)
 Alignments: Space 512K, Generation 512K, Heap 2M
 Heap Min Capacity: 100M
 Heap Initial Capacity: 100M
 Heap Max Capacity: 2G
 Pre-touch: Disabled
 Parallel Workers: 10

Heap:
 PSYoungGen      total 29696K, used 16588K [0x00000000d5580000, 0x00000000d7680000, 0x0000000100000000)
  eden space 25600K, 51% used [0x00000000d5580000,0x00000000d6277140,0x00000000d6e80000)
  from space 4096K, 80% used [0x00000000d6e80000,0x00000000d71bc148,0x00000000d7280000)
  to   space 4096K, 0% used [0x00000000d7280000,0x00000000d7280000,0x00000000d7680000)
 ParOldGen       total 68608K, used 16K [0x0000000080000000, 0x0000000084300000, 0x00000000d5580000)
  object space 68608K, 0% used [0x0000000080000000,0x0000000080004000,0x0000000084300000)
 Metaspace       used 6411K, committed 6720K, reserved 1114112K
  class space    used 654K, committed 832K, reserved 1048576K

Card table byte_map: [0x000001bdaea80000,0x000001bdaee90000] _byte_map_base: 0x000001bdae680000

Marking Bits: (ParMarkBitMap*) 0x00007ffeaf1fa340
 Begin Bits: [0x000001bdc1580000, 0x000001bdc3580000)
 End Bits:   [0x000001bdc3580000, 0x000001bdc5580000)

Polling page: 0x000001bdace70000

Metaspace:

Usage:
  Non-class:      5.62 MB used.
      Class:    654.05 KB used.
       Both:      6.26 MB used.

Virtual space:
  Non-class space:       64.00 MB reserved,       5.75 MB (  9%) committed,  1 nodes.
      Class space:        1.00 GB reserved,     832.00 KB ( <1%) committed,  1 nodes.
             Both:        1.06 GB reserved,       6.56 MB ( <1%) committed. 

Chunk freelists:
   Non-Class:  9.75 MB
       Class:  15.05 MB
        Both:  24.80 MB

MaxMetaspaceSize: unlimited
CompressedClassSpaceSize: 1.00 GB
Initial GC threshold: 21.00 MB
Current GC threshold: 21.00 MB
CDS: on
 - commit_granule_bytes: 65536.
 - commit_granule_words: 8192.
 - virtual_space_node_default_size: 8388608.
 - enlarge_chunks_in_place: 1.
 - use_allocation_guard: 0.


Internal statistics:

num_allocs_failed_limit: 0.
num_arena_births: 190.
num_arena_deaths: 0.
num_vsnodes_births: 2.
num_vsnodes_deaths: 0.
num_space_committed: 105.
num_space_uncommitted: 0.
num_chunks_returned_to_freelist: 0.
num_chunks_taken_from_freelist: 326.
num_chunk_merges: 0.
num_chunk_splits: 211.
num_chunks_enlarged: 135.
num_inconsistent_stats: 0.

CodeHeap 'non-profiled nmethods': size=120000Kb used=613Kb max_used=613Kb free=119386Kb
 bounds [0x000001bdb9da0000, 0x000001bdba010000, 0x000001bdc12d0000]
CodeHeap 'profiled nmethods': size=120000Kb used=2413Kb max_used=2413Kb free=117586Kb
 bounds [0x000001bdb22d0000, 0x000001bdb2540000, 0x000001bdb9800000]
CodeHeap 'non-nmethods': size=5760Kb used=1206Kb max_used=1236Kb free=4553Kb
 bounds [0x000001bdb9800000, 0x000001bdb9a70000, 0x000001bdb9da0000]
CodeCache: size=245760Kb, used=4232Kb, max_used=4262Kb, free=241525Kb
 total_blobs=1884, nmethods=1413, adapters=378, full_count=0
Compilation: enabled, stopped_count=0, restarted_count=0

Compilation events (20 events):
Event: 4.013 Thread 0x000001be0d56b850 nmethod 1370 0x000001bdb9e30d10 code [0x000001bdb9e30f00, 0x000001bdb9e31580]
Event: 4.013 Thread 0x000001be07e19dc0 nmethod 1371 0x000001bdb9e31990 code [0x000001bdb9e31b80, 0x000001bdb9e321e0]
Event: 4.013 Thread 0x000001be0d56b850 1374       4       jdk.internal.jimage.ImageLocation::verify (218 bytes)
Event: 4.013 Thread 0x000001be07e1a720 nmethod 1375 0x000001bdb2514190 code [0x000001bdb2514360, 0x000001bdb2514668]
Event: 4.014 Thread 0x000001be07e1a720 1376       3       org.lombokweb.asm.SymbolTable::hash (10 bytes)
Event: 4.015 Thread 0x000001be07e1a720 nmethod 1376 0x000001bdb2514790 code [0x000001bdb2514940, 0x000001bdb2514a70]
Event: 4.017 Thread 0x000001be07e1a720 1377       3       java.io.File::<init> (20 bytes)
Event: 4.018 Thread 0x000001be07e1a720 nmethod 1377 0x000001bdb2514b90 code [0x000001bdb2514d40, 0x000001bdb2514ee0]
Event: 4.020 Thread 0x000001be07e19dc0 1378       4       org.lombokweb.asm.ClassReader::readUnsignedShort (26 bytes)
Event: 4.021 Thread 0x000001be07e19dc0 nmethod 1378 0x000001bdb9e32590 code [0x000001bdb9e32720, 0x000001bdb9e32828]
Event: 4.022 Thread 0x000001be07e19dc0 1379       4       java.util.concurrent.ConcurrentHashMap$Traverser::advance (188 bytes)
Event: 4.027 Thread 0x000001be07e19dc0 nmethod 1379 0x000001bdb9e32d10 code [0x000001bdb9e32ea0, 0x000001bdb9e330b0]
Event: 4.028 Thread 0x000001be07e19dc0 1381       4       jdk.internal.module.ModuleReferenceImpl::hashCode (56 bytes)
Event: 4.029 Thread 0x000001be07e19dc0 nmethod 1381 0x000001bdb9e33210 code [0x000001bdb9e333a0, 0x000001bdb9e33448]
Event: 4.030 Thread 0x000001be07e1a720 1382       3       jdk.internal.module.Resources::toPackageName (39 bytes)
Event: 4.030 Thread 0x000001be07e19dc0 1383       4       jdk.internal.jimage.ImageStringsReader::hashCode (33 bytes)
Event: 4.031 Thread 0x000001be07e1a720 nmethod 1382 0x000001bdb2514f90 code [0x000001bdb25151c0, 0x000001bdb2515830]
Event: 4.032 Thread 0x000001be07e1a720 1384   !   3       sun.net.www.ParseUtil::decode (349 bytes)
Event: 4.038 Thread 0x000001be07e19dc0 nmethod 1383 0x000001bdb9e33510 code [0x000001bdb9e336e0, 0x000001bdb9e33a88]
Event: 4.039 Thread 0x000001be07e1a720 nmethod 1384 0x000001bdb2515a90 code [0x000001bdb25160e0, 0x000001bdb2519350]

GC Heap History (2 events):
Event: 2.903 GC heap before
{Heap before GC invocations=1 (full 0):
 PSYoungGen      total 29696K, used 25600K [0x00000000d5580000, 0x00000000d7680000, 0x0000000100000000)
  eden space 25600K, 100% used [0x00000000d5580000,0x00000000d6e80000,0x00000000d6e80000)
  from space 4096K, 0% used [0x00000000d7280000,0x00000000d7280000,0x00000000d7680000)
  to   space 4096K, 0% used [0x00000000d6e80000,0x00000000d6e80000,0x00000000d7280000)
 ParOldGen       total 68608K, used 0K [0x0000000080000000, 0x0000000084300000, 0x00000000d5580000)
  object space 68608K, 0% used [0x0000000080000000,0x0000000080000000,0x0000000084300000)
 Metaspace       used 4347K, committed 4608K, reserved 1114112K
  class space    used 473K, committed 576K, reserved 1048576K
}
Event: 2.913 GC heap after
{Heap after GC invocations=1 (full 0):
 PSYoungGen      total 29696K, used 3312K [0x00000000d5580000, 0x00000000d7680000, 0x0000000100000000)
  eden space 25600K, 0% used [0x00000000d5580000,0x00000000d5580000,0x00000000d6e80000)
  from space 4096K, 80% used [0x00000000d6e80000,0x00000000d71bc148,0x00000000d7280000)
  to   space 4096K, 0% used [0x00000000d7280000,0x00000000d7280000,0x00000000d7680000)
 ParOldGen       total 68608K, used 16K [0x0000000080000000, 0x0000000084300000, 0x00000000d5580000)
  object space 68608K, 0% used [0x0000000080000000,0x0000000080004000,0x0000000084300000)
 Metaspace       used 4347K, committed 4608K, reserved 1114112K
  class space    used 473K, committed 576K, reserved 1048576K
}

Dll operation events (8 events):
Event: 0.026 Loaded shared library c:\Users\bryan\.vscode\extensions\redhat.java-1.47.0-win32-x64\jre\21.0.8-win32-x86_64\bin\java.dll
Event: 0.240 Loaded shared library c:\Users\bryan\.vscode\extensions\redhat.java-1.47.0-win32-x64\jre\21.0.8-win32-x86_64\bin\zip.dll
Event: 0.308 Loaded shared library C:\Users\bryan\.vscode\extensions\redhat.java-1.47.0-win32-x64\jre\21.0.8-win32-x86_64\bin\instrument.dll
Event: 0.338 Loaded shared library C:\Users\bryan\.vscode\extensions\redhat.java-1.47.0-win32-x64\jre\21.0.8-win32-x86_64\bin\net.dll
Event: 0.418 Loaded shared library C:\Users\bryan\.vscode\extensions\redhat.java-1.47.0-win32-x64\jre\21.0.8-win32-x86_64\bin\nio.dll
Event: 0.485 Loaded shared library C:\Users\bryan\.vscode\extensions\redhat.java-1.47.0-win32-x64\jre\21.0.8-win32-x86_64\bin\zip.dll
Event: 0.545 Loaded shared library C:\Users\bryan\.vscode\extensions\redhat.java-1.47.0-win32-x64\jre\21.0.8-win32-x86_64\bin\jimage.dll
Event: 0.719 Loaded shared library c:\Users\bryan\.vscode\extensions\redhat.java-1.47.0-win32-x64\jre\21.0.8-win32-x86_64\bin\verify.dll

Deoptimization events (20 events):
Event: 3.768 Thread 0x000001bdacc27990 DEOPT PACKING pc=0x000001bdb9de81f8 sp=0x0000006d344feb80
Event: 3.768 Thread 0x000001bdacc27990 DEOPT UNPACKING pc=0x000001bdb9853aa2 sp=0x0000006d344fead8 mode 2
Event: 3.900 Thread 0x000001bdacc27990 Uncommon trap: trap_request=0xffffff45 fr.pc=0x000001bdb9df697c relative=0x0000000000000efc
Event: 3.900 Thread 0x000001bdacc27990 Uncommon trap: reason=unstable_if action=reinterpret pc=0x000001bdb9df697c method=lombok.patcher.PatchScript.classMatches(Ljava/lang/String;Ljava/util/Collection;)Z @ 25 c2
Event: 3.900 Thread 0x000001bdacc27990 DEOPT PACKING pc=0x000001bdb9df697c sp=0x0000006d344f8d60
Event: 3.900 Thread 0x000001bdacc27990 DEOPT UNPACKING pc=0x000001bdb9853aa2 sp=0x0000006d344f8cc8 mode 2
Event: 3.903 Thread 0x000001bdacc27990 DEOPT PACKING pc=0x000001bdb236ed0d sp=0x0000006d344f8170
Event: 3.903 Thread 0x000001bdacc27990 DEOPT UNPACKING pc=0x000001bdb9854242 sp=0x0000006d344f7620 mode 0
Event: 3.942 Thread 0x000001bdacc27990 DEOPT PACKING pc=0x000001bdb236ed0d sp=0x0000006d344f45c0
Event: 3.942 Thread 0x000001bdacc27990 DEOPT UNPACKING pc=0x000001bdb9854242 sp=0x0000006d344f3a70 mode 0
Event: 3.946 Thread 0x000001bdacc27990 DEOPT PACKING pc=0x000001bdb236ed0d sp=0x0000006d344f45c0
Event: 3.946 Thread 0x000001bdacc27990 DEOPT UNPACKING pc=0x000001bdb9854242 sp=0x0000006d344f3a70 mode 0
Event: 3.960 Thread 0x000001bdacc27990 DEOPT PACKING pc=0x000001bdb236ed0d sp=0x0000006d344f8080
Event: 3.960 Thread 0x000001bdacc27990 DEOPT UNPACKING pc=0x000001bdb9854242 sp=0x0000006d344f7530 mode 0
Event: 3.979 Thread 0x000001bdacc27990 DEOPT PACKING pc=0x000001bdb236ed0d sp=0x0000006d344f8040
Event: 3.979 Thread 0x000001bdacc27990 DEOPT UNPACKING pc=0x000001bdb9854242 sp=0x0000006d344f74f0 mode 0
Event: 3.994 Thread 0x000001bdacc27990 DEOPT PACKING pc=0x000001bdb236ed0d sp=0x0000006d344f4270
Event: 3.994 Thread 0x000001bdacc27990 DEOPT UNPACKING pc=0x000001bdb9854242 sp=0x0000006d344f3720 mode 0
Event: 4.003 Thread 0x000001bdacc27990 DEOPT PACKING pc=0x000001bdb236ed0d sp=0x0000006d344f7c10
Event: 4.003 Thread 0x000001bdacc27990 DEOPT UNPACKING pc=0x000001bdb9854242 sp=0x0000006d344f70c0 mode 0

Classes loaded (20 events):
Event: 3.828 Loading class java/util/concurrent/SynchronousQueue$Transferer
Event: 3.828 Loading class java/util/concurrent/LinkedTransferQueue
Event: 3.828 Loading class java/util/concurrent/TransferQueue
Event: 3.828 Loading class java/util/concurrent/TransferQueue done
Event: 3.829 Loading class java/util/concurrent/LinkedTransferQueue done
Event: 3.829 Loading class java/util/concurrent/SynchronousQueue$Transferer done
Event: 3.829 Loading class java/util/concurrent/LinkedTransferQueue$DualNode
Event: 3.829 Loading class java/util/concurrent/LinkedTransferQueue$DualNode done
Event: 3.830 Loading class java/util/concurrent/RejectedExecutionHandler
Event: 3.830 Loading class java/util/concurrent/RejectedExecutionHandler done
Event: 3.831 Loading class java/util/concurrent/LinkedBlockingQueue
Event: 3.831 Loading class java/util/concurrent/LinkedBlockingQueue done
Event: 3.831 Loading class java/util/concurrent/LinkedBlockingQueue$Node
Event: 3.831 Loading class java/util/concurrent/LinkedBlockingQueue$Node done
Event: 3.849 Loading class java/util/concurrent/Semaphore$NonfairSync
Event: 3.849 Loading class java/util/concurrent/Semaphore$Sync
Event: 3.849 Loading class java/util/concurrent/Semaphore$Sync done
Event: 3.849 Loading class java/util/concurrent/Semaphore$NonfairSync done
Event: 3.916 Loading class java/lang/TypeNotPresentException
Event: 3.916 Loading class java/lang/TypeNotPresentException done

Classes unloaded (0 events):
No events

Classes redefined (0 events):
No events

Internal exceptions (20 events):
Event: 1.400 Thread 0x000001bdacc27990 Exception <a 'java/io/FileNotFoundException'{0x00000000d64c3a40}> (0x00000000d64c3a40) 
thrown [s\src\hotspot\share\prims\jni.cpp, line 520]
Event: 1.401 Thread 0x000001bdacc27990 Exception <a 'java/io/FileNotFoundException'{0x00000000d64c46f0}> (0x00000000d64c46f0) 
thrown [s\src\hotspot\share\prims\jni.cpp, line 520]
Event: 1.401 Thread 0x000001bdacc27990 Exception <a 'java/io/FileNotFoundException'{0x00000000d64c5268}> (0x00000000d64c5268) 
thrown [s\src\hotspot\share\prims\jni.cpp, line 520]
Event: 1.409 Thread 0x000001bdacc27990 Implicit null exception at 0x000001bdb9dcdf24 to 0x000001bdb9dce4b8
Event: 1.414 Thread 0x000001bdacc27990 Exception <a 'java/io/FileNotFoundException'{0x00000000d64fe5a8}> (0x00000000d64fe5a8) 
thrown [s\src\hotspot\share\prims\jni.cpp, line 520]
Event: 1.441 Thread 0x000001bdacc27990 Exception <a 'java/lang/NoSuchMethodError'{0x00000000d65369f0}: 'java.lang.Object java.lang.invoke.DirectMethodHandle$Holder.invokeInterface(java.lang.Object, java.lang.Object)'> (0x00000000d65369f0) 
thrown [s\src\hotspot\share\interpreter\linkResolver.cpp, line 773]
Event: 1.447 Thread 0x000001bdacc27990 Exception <a 'java/lang/NoSuchMethodError'{0x00000000d654a000}: 'java.lang.Object java.lang.invoke.Invokers$Holder.invokeExact_MT(java.lang.Object, java.lang.Object, java.lang.Object, java.lang.Object, java.lang.Object, java.lang.Object)'> (0x00000000d654a000) 
thrown [s\src\hotspot\share\interpreter\linkResolver.cpp, line 773]
Event: 1.455 Thread 0x000001bdacc27990 Exception <a 'java/lang/NoSuchMethodError'{0x00000000d6561258}: 'int java.lang.invoke.DirectMethodHandle$Holder.invokeStatic(java.lang.Object, java.lang.Object, java.lang.Object, java.lang.Object, java.lang.Object)'> (0x00000000d6561258) 
thrown [s\src\hotspot\share\interpreter\linkResolver.cpp, line 773]
Event: 1.503 Thread 0x000001bdacc27990 Exception <a 'java/lang/NoSuchMethodError'{0x00000000d65f55d8}: 'java.lang.Object java.lang.invoke.DirectMethodHandle$Holder.invokeInterface(java.lang.Object, java.lang.Object, int)'> (0x00000000d65f55d8) 
thrown [s\src\hotspot\share\interpreter\linkResolver.cpp, line 773]
Event: 1.717 Thread 0x000001bdacc27990 Exception <a 'java/lang/NoSuchMethodError'{0x00000000d6a5be70}: 'java.lang.ClassLoader java.lang.ClassLoader.getPlatformClassLoader(java.lang.Class)'> (0x00000000d6a5be70) 
thrown [s\src\hotspot\share\interpreter\linkResolver.cpp, line 773]
Event: 2.896 Thread 0x000001bdacc27990 Exception <a 'java/lang/ClassNotFoundException'{0x00000000d6e79498}: sun/net/www/protocol/c/Handler> (0x00000000d6e79498) 
thrown [s\src\hotspot\share\classfile\systemDictionary.cpp, line 312]
Event: 2.896 Thread 0x000001bdacc27990 Exception <a 'java/lang/ClassNotFoundException'{0x00000000d6e7a888}: sun/net/www/protocol/c/Handler> (0x00000000d6e7a888) 
thrown [s\src\hotspot\share\classfile\systemDictionary.cpp, line 312]
Event: 2.897 Thread 0x000001bdacc27990 Exception <a 'java/lang/ClassNotFoundException'{0x00000000d6e7bb08}: sun/net/www/protocol/c/Handler> (0x00000000d6e7bb08) 
thrown [s\src\hotspot\share\classfile\systemDictionary.cpp, line 312]
Event: 2.924 Thread 0x000001bdacc27990 Exception <a 'java/io/FileNotFoundException'{0x00000000d55a4438}> (0x00000000d55a4438) 
thrown [s\src\hotspot\share\prims\jni.cpp, line 520]
Event: 2.977 Thread 0x000001bdacc27990 Implicit null exception at 0x000001bdb9e0cb49 to 0x000001bdb9e0d604
Event: 2.977 Thread 0x000001bdacc27990 Implicit null exception at 0x000001bdb9e0191a to 0x000001bdb9e01b24
Event: 2.978 Thread 0x000001bdacc27990 Exception <a 'java/lang/NoSuchMethodError'{0x00000000d5794188}: 'void java.lang.invoke.DirectMethodHandle$Holder.invokeStatic(java.lang.Object, java.lang.Object, java.lang.Object, java.lang.Object)'> (0x00000000d5794188) 
thrown [s\src\hotspot\share\interpreter\linkResolver.cpp, line 773]
Event: 2.979 Thread 0x000001bdacc27990 Implicit null exception at 0x000001bdb9e00e1a to 0x000001bdb9e01024
Event: 2.980 Thread 0x000001bdacc27990 Implicit null exception at 0x000001bdb9e0063d to 0x000001bdb9e006c1
Event: 3.791 Thread 0x000001bdacc27990 Exception <a 'java/lang/NoSuchMethodError'{0x00000000d5a30e70}: 'void java.lang.invoke.DirectMethodHandle$Holder.invokeSpecial(java.lang.Object, java.lang.Object, java.lang.Object)'> (0x00000000d5a30e70) 
thrown [s\src\hotspot\share\interpreter\linkResolver.cpp, line 773]

ZGC Phase Switch (0 events):
No events

VM Operations (20 events):
Event: 0.236 Executing VM operation: HandshakeAllThreads (Deoptimize)
Event: 0.236 Executing VM operation: HandshakeAllThreads (Deoptimize) done
Event: 0.577 Executing VM operation: HandshakeAllThreads (Deoptimize)
Event: 0.577 Executing VM operation: HandshakeAllThreads (Deoptimize) done
Event: 1.307 Executing VM operation: HandshakeAllThreads (Deoptimize)
Event: 1.307 Executing VM operation: HandshakeAllThreads (Deoptimize) done
Event: 1.307 Executing VM operation: Cleanup
Event: 1.308 Executing VM operation: Cleanup done
Event: 1.347 Executing VM operation: HandshakeAllThreads (Deoptimize)
Event: 1.347 Executing VM operation: HandshakeAllThreads (Deoptimize) done
Event: 1.860 Executing VM operation: HandshakeAllThreads (Deoptimize)
Event: 1.860 Executing VM operation: HandshakeAllThreads (Deoptimize) done
Event: 2.872 Executing VM operation: Cleanup
Event: 2.873 Executing VM operation: Cleanup done
Event: 2.903 Executing VM operation: ParallelGCFailedAllocation (Allocation Failure)
Event: 2.914 Executing VM operation: ParallelGCFailedAllocation (Allocation Failure) done
Event: 3.917 Executing VM operation: Cleanup
Event: 3.918 Executing VM operation: Cleanup done
Event: 4.927 Executing VM operation: Cleanup
Event: 4.927 Executing VM operation: Cleanup done

Memory protections (0 events):
No events

Nmethod flushes (0 events):
No events

Events (19 events):
Event: 0.069 Thread 0x000001bdacc27990 Thread added: 0x000001bdacc27990
Event: 0.109 Thread 0x000001bdacc27990 Thread added: 0x000001bdaf079630
Event: 0.109 Thread 0x000001bdacc27990 Thread added: 0x000001bdaf07ec60
Event: 0.109 Thread 0x000001bdacc27990 Thread added: 0x000001bdaf0808c0
Event: 0.109 Thread 0x000001bdacc27990 Thread added: 0x000001bdaf084fa0
Event: 0.109 Thread 0x000001bdacc27990 Thread added: 0x000001bdaf086d00
Event: 0.110 Thread 0x000001bdacc27990 Thread added: 0x000001bdaf08e850
Event: 0.110 Thread 0x000001bdacc27990 Thread added: 0x000001be07e19dc0
Event: 0.110 Thread 0x000001bdacc27990 Thread added: 0x000001be07e1a720
Event: 0.193 Thread 0x000001bdacc27990 Thread added: 0x000001bdaf158690
Event: 0.267 Thread 0x000001be07e1a720 Thread added: 0x000001be080100b0
Event: 0.490 Thread 0x000001be080100b0 Thread exited: 0x000001be080100b0
Event: 0.714 Thread 0x000001be07e1a720 Thread added: 0x000001be080f8cf0
Event: 0.970 Thread 0x000001bdacc27990 Thread added: 0x000001be080ee870
Event: 1.190 Thread 0x000001be080f8cf0 Thread added: 0x000001be0d0debe0
Event: 3.375 Thread 0x000001be0d0debe0 Thread exited: 0x000001be0d0debe0
Event: 3.375 Thread 0x000001be080f8cf0 Thread exited: 0x000001be080f8cf0
Event: 3.863 Thread 0x000001be07e1a720 Thread added: 0x000001be0d56efc0
Event: 3.866 Thread 0x000001be0d56efc0 Thread added: 0x000001be0d56b850


Dynamic libraries:
0x00007ff7b2580000 - 0x00007ff7b258e000 	c:\Users\bryan\.vscode\extensions\redhat.java-1.47.0-win32-x64\jre\21.0.8-win32-x86_64\bin\java.exe
0x00007fff66b20000 - 0x00007fff66d88000 	C:\WINDOWS\SYSTEM32\ntdll.dll
0x00007fff65af0000 - 0x00007fff65bb9000 	C:\WINDOWS\System32\KERNEL32.DLL
0x00007fff63db0000 - 0x00007fff641a8000 	C:\WINDOWS\System32\KERNELBASE.dll
0x00007fff60180000 - 0x00007fff6021f000 	C:\WINDOWS\SYSTEM32\apphelp.dll
0x00007fff64770000 - 0x00007fff648bb000 	C:\WINDOWS\System32\ucrtbase.dll
0x00007fff43e30000 - 0x00007fff43e48000 	c:\Users\bryan\.vscode\extensions\redhat.java-1.47.0-win32-x64\jre\21.0.8-win32-x86_64\bin\jli.dll
0x00007fff66850000 - 0x00007fff66a17000 	C:\WINDOWS\System32\USER32.dll
0x00007fff64320000 - 0x00007fff64347000 	C:\WINDOWS\System32\win32u.dll
0x00007fff66760000 - 0x00007fff6678b000 	C:\WINDOWS\System32\GDI32.dll
0x00007fff644d0000 - 0x00007fff645fc000 	C:\WINDOWS\System32\gdi32full.dll
0x00007fff63c70000 - 0x00007fff63d13000 	C:\WINDOWS\System32\msvcp_win.dll
0x00007fff43480000 - 0x00007fff4349e000 	c:\Users\bryan\.vscode\extensions\redhat.java-1.47.0-win32-x64\jre\21.0.8-win32-x86_64\bin\VCRUNTIME140.dll
0x00007fff51cf0000 - 0x00007fff51f84000 	C:\WINDOWS\WinSxS\amd64_microsoft.windows.common-controls_6595b64144ccf1df_6.0.26100.7019_none_3e06ffa0e335b8a8\COMCTL32.dll
0x00007fff66600000 - 0x00007fff666a9000 	C:\WINDOWS\System32\msvcrt.dll
0x00007fff66790000 - 0x00007fff667c1000 	C:\WINDOWS\System32\IMM32.DLL
0x00007fff50c90000 - 0x00007fff50c9c000 	c:\Users\bryan\.vscode\extensions\redhat.java-1.47.0-win32-x64\jre\21.0.8-win32-x86_64\bin\vcruntime140_1.dll
0x00007fff3a4a0000 - 0x00007fff3a52d000 	c:\Users\bryan\.vscode\extensions\redhat.java-1.47.0-win32-x64\jre\21.0.8-win32-x86_64\bin\msvcp140.dll
0x00007ffeae540000 - 0x00007ffeaf2d7000 	c:\Users\bryan\.vscode\extensions\redhat.java-1.47.0-win32-x64\jre\21.0.8-win32-x86_64\bin\server\jvm.dll
0x00007fff65be0000 - 0x00007fff65c94000 	C:\WINDOWS\System32\ADVAPI32.dll
0x00007fff666b0000 - 0x00007fff66756000 	C:\WINDOWS\System32\sechost.dll
0x00007fff65540000 - 0x00007fff65658000 	C:\WINDOWS\System32\RPCRT4.dll
0x00007fff663a0000 - 0x00007fff66414000 	C:\WINDOWS\System32\WS2_32.dll
0x00007fff63ad0000 - 0x00007fff63b2e000 	C:\WINDOWS\SYSTEM32\POWRPROF.dll
0x00007fff5ac40000 - 0x00007fff5ac75000 	C:\WINDOWS\SYSTEM32\WINMM.dll
0x00007fff5b3b0000 - 0x00007fff5b3bb000 	C:\WINDOWS\SYSTEM32\VERSION.dll
0x00007fff63ab0000 - 0x00007fff63ac4000 	C:\WINDOWS\SYSTEM32\UMPDC.dll
0x00007fff62a10000 - 0x00007fff62a2b000 	C:\WINDOWS\SYSTEM32\kernel.appcore.dll
0x00007fff50c20000 - 0x00007fff50c2a000 	c:\Users\bryan\.vscode\extensions\redhat.java-1.47.0-win32-x64\jre\21.0.8-win32-x86_64\bin\jimage.dll
0x00007fff60e10000 - 0x00007fff61052000 	C:\WINDOWS\SYSTEM32\DBGHELP.DLL
0x00007fff65660000 - 0x00007fff659eb000 	C:\WINDOWS\System32\combase.dll
0x00007fff65eb0000 - 0x00007fff65f87000 	C:\WINDOWS\System32\OLEAUT32.dll
0x00007fff4d720000 - 0x00007fff4d75c000 	C:\WINDOWS\SYSTEM32\dbgcore.DLL
0x00007fff64270000 - 0x00007fff64315000 	C:\WINDOWS\System32\bcryptPrimitives.dll
0x00007fff50a20000 - 0x00007fff50a2f000 	c:\Users\bryan\.vscode\extensions\redhat.java-1.47.0-win32-x64\jre\21.0.8-win32-x86_64\bin\instrument.dll
0x00007fff43040000 - 0x00007fff4305f000 	c:\Users\bryan\.vscode\extensions\redhat.java-1.47.0-win32-x64\jre\21.0.8-win32-x86_64\bin\java.dll
0x00007fff64de0000 - 0x00007fff65531000 	C:\WINDOWS\System32\SHELL32.dll
0x00007fff64600000 - 0x00007fff6476b000 	C:\WINDOWS\System32\wintypes.dll
0x00007fff61870000 - 0x00007fff620cd000 	C:\WINDOWS\SYSTEM32\windows.storage.dll
0x00007fff65d40000 - 0x00007fff65e32000 	C:\WINDOWS\System32\SHCORE.dll
0x00007fff65e40000 - 0x00007fff65ea7000 	C:\WINDOWS\System32\shlwapi.dll
0x00007fff63b90000 - 0x00007fff63bb9000 	C:\WINDOWS\SYSTEM32\profapi.dll
0x00007fff435d0000 - 0x00007fff435e8000 	c:\Users\bryan\.vscode\extensions\redhat.java-1.47.0-win32-x64\jre\21.0.8-win32-x86_64\bin\zip.dll
0x00007fff51690000 - 0x00007fff516a0000 	C:\Users\bryan\.vscode\extensions\redhat.java-1.47.0-win32-x64\jre\21.0.8-win32-x86_64\bin\net.dll
0x00007fff5b150000 - 0x00007fff5b278000 	C:\WINDOWS\SYSTEM32\WINHTTP.dll
0x00007fff62fa0000 - 0x00007fff6300b000 	C:\WINDOWS\system32\mswsock.dll
0x00007fff45ff0000 - 0x00007fff46006000 	C:\Users\bryan\.vscode\extensions\redhat.java-1.47.0-win32-x64\jre\21.0.8-win32-x86_64\bin\nio.dll
0x00007fff50cd0000 - 0x00007fff50ce0000 	c:\Users\bryan\.vscode\extensions\redhat.java-1.47.0-win32-x64\jre\21.0.8-win32-x86_64\bin\verify.dll

JVMTI agents:
c:\Users\bryan\.vscode\extensions\redhat.java-1.47.0-win32-x64\lombok\lombok-1.18.39-4050.jar path:c:\Users\bryan\.vscode\extensions\redhat.java-1.47.0-win32-x64\jre\21.0.8-win32-x86_64\bin\instrument.dll, loaded, initialized, instrumentlib options:none

dbghelp: loaded successfully - version: 4.0.5 - missing functions: none
symbol engine: initialized successfully - sym options: 0x614 - pdb path: .;c:\Users\bryan\.vscode\extensions\redhat.java-1.47.0-win32-x64\jre\21.0.8-win32-x86_64\bin;C:\WINDOWS\SYSTEM32;C:\WINDOWS\WinSxS\amd64_microsoft.windows.common-controls_6595b64144ccf1df_6.0.26100.7019_none_3e06ffa0e335b8a8;c:\Users\bryan\.vscode\extensions\redhat.java-1.47.0-win32-x64\jre\21.0.8-win32-x86_64\bin\server

VM Arguments:
jvm_args: --add-modules=ALL-SYSTEM --add-opens=java.base/java.util=ALL-UNNAMED --add-opens=java.base/java.lang=ALL-UNNAMED --add-opens=java.base/sun.nio.fs=ALL-UNNAMED -Declipse.application=org.eclipse.jdt.ls.core.id1 -Dosgi.bundles.defaultStartLevel=4 -Declipse.product=org.eclipse.jdt.ls.core.product -Djava.import.generatesMetadataFilesAtProjectRoot=false -DDetectVMInstallationsJob.disabled=true -Dfile.encoding=utf8 -XX:+UseParallelGC -XX:GCTimeRatio=4 -XX:AdaptiveSizePolicyWeight=90 -Dsun.zip.disableMemoryMapping=true -Xmx2G -Xms100m -Xlog:disable -javaagent:c:\Users\bryan\.vscode\extensions\redhat.java-1.47.0-win32-x64\lombok\lombok-1.18.39-4050.jar -XX:+HeapDumpOnOutOfMemoryError -XX:HeapDumpPath=c:\Users\bryan\AppData\Roaming\Code\User\workspaceStorage\a1e53be8b5f181a0eb8d6cad317d0e1f\redhat.java -Daether.dependencyCollector.impl=bf 
java_command: c:\Users\bryan\.vscode\extensions\redhat.java-1.47.0-win32-x64\server\plugins\org.eclipse.equinox.launcher_1.7.100.v20251014-1222.jar -configuration c:\Users\bryan\AppData\Roaming\Code\User\globalStorage\redhat.java\1.47.0\config_win -data c:\Users\bryan\AppData\Roaming\Code\User\workspaceStorage\a1e53be8b5f181a0eb8d6cad317d0e1f\redhat.java\jdt_ws --pipe=\\.\pipe\lsp-4e192456089b896009035f40cf4878ad-sock
java_class_path (initial): c:\Users\bryan\.vscode\extensions\redhat.java-1.47.0-win32-x64\server\plugins\org.eclipse.equinox.launcher_1.7.100.v20251014-1222.jar
Launcher Type: SUN_STANDARD

[Global flags]
    uintx AdaptiveSizePolicyWeight                 = 90                                        {product} {command line}
     intx CICompilerCount                          = 4                                         {product} {ergonomic}
    uintx GCTimeRatio                              = 4                                         {product} {command line}
     bool HeapDumpOnOutOfMemoryError               = true                                   {manageable} {command line}
    ccstr HeapDumpPath                             = c:\Users\bryan\AppData\Roaming\Code\User\workspaceStorage\a1e53be8b5f181a0eb8d6cad317d0e1f\redhat.java         {manageable} {command line}
   size_t InitialHeapSize                          = 104857600                                 {product} {command line}
   size_t MaxHeapSize                              = 2147483648                                {product} {command line}
   size_t MaxNewSize                               = 715653120                                 {product} {ergonomic}
   size_t MinHeapDeltaBytes                        = 524288                                    {product} {ergonomic}
   size_t MinHeapSize                              = 104857600                                 {product} {command line}
   size_t NewSize                                  = 34603008                                  {product} {ergonomic}
    uintx NonNMethodCodeHeapSize                   = 5839372                                {pd product} {ergonomic}
    uintx NonProfiledCodeHeapSize                  = 122909434                              {pd product} {ergonomic}
   size_t OldSize                                  = 70254592                                  {product} {ergonomic}
    uintx ProfiledCodeHeapSize                     = 122909434                              {pd product} {ergonomic}
    uintx ReservedCodeCacheSize                    = 251658240                              {pd product} {ergonomic}
     bool SegmentedCodeCache                       = true                                      {product} {ergonomic}
   size_t SoftMaxHeapSize                          = 2147483648                             {manageable} {ergonomic}
     bool UseCompressedOops                        = true                           {product lp64_product} {ergonomic}
     bool UseLargePagesIndividualAllocation        = false                                  {pd product} {ergonomic}
     bool UseParallelGC                            = true                                      {product} {command line}

Logging:
Log output configuration:
 #0: stdout all=off uptime,level,tags foldmultilines=false
 #1: stderr all=off uptime,level,tags foldmultilines=false

Environment Variables:
PATH=C:\Program Files\Common Files\Oracle\Java\javapath;C:\WINDOWS\system32;C:\WINDOWS;C:\WINDOWS\System32\Wbem;C:\WINDOWS\System32\WindowsPowerShell\v1.0\;C:\WINDOWS\System32\OpenSSH\;C:\Program Files\Microsoft SQL Server\150\Tools\Binn\;C:\Program Files\dotnet\;C:\Program Files\Git\cmd;C:\Program Files (x86)\Microsoft SQL Server\160\Tools\Binn\;C:\Program Files\Microsoft SQL Server\160\Tools\Binn\;C:\Program Files\Microsoft SQL Server\Client SDK\ODBC\170\Tools\Binn\;C:\Program Files\Microsoft SQL Server\160\DTS\Binn\;C:\Program Files (x86)\Microsoft SQL Server\160\DTS\Binn\;C:\Users\bryan\AppData\Local\nvm;C:\nvm4w\nodejs;C:\Users\bryan\AppData\Local\Programs\Python\Python312\Scripts\;C:\Users\bryan\AppData\Local\Programs\Python\Python312\;C:\Users\bryan\AppData\Local\Programs\Python\Launcher\;C:\Users\bryan\AppData\Local\Microsoft\WindowsApps;C:\Users\bryan\AppData\Local\Programs\Microsoft VS Code\bin;C:\AppServ\Apache24\bin;C:\AppServ\php7;C:\AppServ\MySQL\bin;C:\flutter\bin;C:\Users\bryan\AppData\Roaming\npm;C:\Users\bryan\AppData\Local\nvm;C:\nvm4w\nodejs;C:\Users\bryan\AppData\Local\Programs\mongosh\;C:\Program Files\MongoDB\Server\8.0\bin;C:\Program Files\MongoDB\Tools\100\bin;C:\Users\bryan\.dotnet\tools
USERNAME=bryan
OS=Windows_NT
PROCESSOR_IDENTIFIER=AMD64 Family 23 Model 104 Stepping 1, AuthenticAMD
TMP=C:\Users\bryan\AppData\Local\Temp
TEMP=C:\Users\bryan\AppData\Local\Temp




Periodic native trim disabled

---------------  S Y S T E M  ---------------

OS:
 Windows 11 , 64 bit Build 26100 (10.0.26100.7019)
OS uptime: 3 days 1:07 hours
Hyper-V role detected

CPU: total 12 (initial active 12) (12 cores per cpu, 2 threads per core) family 23 model 104 stepping 1 microcode 0x8608102, cx8, cmov, fxsr, ht, mmx, 3dnowpref, sse, sse2, sse3, ssse3, sse4a, sse4.1, sse4.2, popcnt, lzcnt, tsc, tscinvbit, avx, avx2, aes, clmul, bmi1, bmi2, adx, sha, fma, vzeroupper, clflush, clflushopt, hv, rdtscp, rdpid, f16c
Processor Information for processor 0
  Max Mhz: 2100, Current Mhz: 1893, Mhz Limit: 2100
Processor Information for processor 1
  Max Mhz: 2100, Current Mhz: 1893, Mhz Limit: 2100
Processor Information for processor 2
  Max Mhz: 2100, Current Mhz: 1893, Mhz Limit: 2100
Processor Information for processor 3
  Max Mhz: 2100, Current Mhz: 1893, Mhz Limit: 2100
Processor Information for processor 4
  Max Mhz: 2100, Current Mhz: 1893, Mhz Limit: 2100
Processor Information for processor 5
  Max Mhz: 2100, Current Mhz: 1893, Mhz Limit: 2100
Processor Information for processor 6
  Max Mhz: 2100, Current Mhz: 1813, Mhz Limit: 2100
Processor Information for processor 7
  Max Mhz: 2100, Current Mhz: 1813, Mhz Limit: 2100
Processor Information for processor 8
  Max Mhz: 2100, Current Mhz: 1813, Mhz Limit: 2100
Processor Information for processor 9
  Max Mhz: 2100, Current Mhz: 1813, Mhz Limit: 2100
Processor Information for processor 10
  Max Mhz: 2100, Current Mhz: 1813, Mhz Limit: 2100
Processor Information for processor 11
  Max Mhz: 2100, Current Mhz: 1813, Mhz Limit: 2100

Memory: 4k page, system-wide physical 7530M (605M free)
TotalPageFile size 31082M (AvailPageFile size 4M)
current process WorkingSet (physical memory assigned to process): 90M, peak: 91M
current process commit charge ("private bytes"): 247M, peak: 248M

vm_info: OpenJDK 64-Bit Server VM (21.0.8+9-LTS) for windows-amd64 JRE (21.0.8+9-LTS), built on 2025-07-15T00:00:00Z by "admin" with MS VC++ 17.7 (VS2022)

END.
